This is pdfTeX, Version 3.141592653-2.6-1.40.25 (MiKTeX 24.1) (preloaded format=pdflatex 2024.2.24)  24 FEB 2024 15:08
entering extended mode
 restricted \write18 enabled.
 %&-line parsing enabled.
**./demo.tex
(demo.tex
LaTeX2e <2023-11-01> patch level 1
L3 programming layer <2024-01-04>

LaTeX Warning: \include should only be used after \begin{document} on input lin
e 1.

No file KECReportFormat.

! LaTeX Error: \usepackage before \documentclass.

See the LaTeX manual or LaTeX Companion for explanation.
Type  H <return>  for immediate help.
 ...                                              
                                                  
l.3 \usepackage[square,sort,comma,numbers]{
                                           natbib}
\usepackage may only appear in the document preamble, i.e.,
between \documentclass and \begin{document}.

   defining Unicode char U+202F (decimal 8239)
   defining Unicode char U+2212 (decimal 8722)
)
! Emergency stop.
<*> ./demo.tex
              
*** (job aborted, no legal \end found)

 
Here is how much of TeX's memory you used:
 28 strings out of 474486
 469 string characters out of 5750793
 1924542 words of memory out of 5000000
 22414 multiletter control sequences out of 15000+600000
 558069 words of font info for 36 fonts, out of 8000000 for 9000
 1141 hyphenation exceptions out of 8191
 20i,0n,28p,141b,26s stack positions out of 10000i,1000n,20000p,200000b,200000s
!  ==> Fatal error occurred, no output PDF file produced!
